2021-01-09 23:12:32 INFO  LoginController:60 - John Smith (employee1) has logged in
2021-01-09 23:31:55 INFO  LoginController:83 - Bob Baker (employee2) created an account
2021-01-09 23:32:58 INFO  LoginController:83 - Henry Clark (employee3) created an account
2021-01-09 23:34:05 INFO  LoginController:60 - John Smith (employee1) has logged in
2021-01-09 23:34:28 INFO  EmployeeController:41 - John Smith (employee1) submitted a ticket
2021-01-09 23:42:39 INFO  EmployeeController:41 - John Smith (employee1) submitted a ticket
2021-01-09 23:47:34 INFO  EmployeeController:41 - John Smith (employee1) submitted a ticket
2021-01-09 23:49:48 INFO  LoginController:60 - Bob Baker (employee2) has logged in
2021-01-09 23:55:15 INFO  EmployeeController:41 - Bob Baker (employee2) submitted a ticket
2021-01-09 23:56:40 INFO  EmployeeController:41 - Bob Baker (employee2) submitted a ticket
2021-01-09 23:59:25 INFO  EmployeeController:41 - Bob Baker (employee2) submitted a ticket
2021-01-09 23:59:41 INFO  LoginController:60 - Henry Clark (employee3) has logged in
2021-01-10 00:00:58 INFO  EmployeeController:41 - Henry Clark (employee3) submitted a ticket
2021-01-10 00:04:16 INFO  EmployeeController:41 - Henry Clark (employee3) submitted a ticket
2021-01-10 00:06:30 INFO  EmployeeController:41 - Henry Clark (employee3) submitted a ticket
2021-01-10 00:06:50 INFO  LoginController:60 - John Doe (fmanager1) has logged in
2021-01-10 00:07:18 INFO  FinanceController:50 - John Doe (fmanager1) APPROVED a ticket
2021-01-10 00:07:22 INFO  FinanceController:50 - John Doe (fmanager1) DENIED a ticket
2021-01-10 00:07:28 INFO  FinanceController:50 - John Doe (fmanager1) APPROVED a ticket
2021-01-10 00:07:37 INFO  FinanceController:50 - John Doe (fmanager1) APPROVED a ticket
2021-01-10 00:07:37 INFO  FinanceController:50 - John Doe (fmanager1) APPROVED a ticket
2021-01-10 00:07:43 INFO  FinanceController:50 - John Doe (fmanager1) APPROVED a ticket
2021-01-10 00:07:49 INFO  FinanceController:50 - John Doe (fmanager1) APPROVED a ticket
2021-01-10 00:07:51 INFO  FinanceController:50 - John Doe (fmanager1) APPROVED a ticket
2021-01-10 00:07:52 INFO  FinanceController:50 - John Doe (fmanager1) DENIED a ticket
2021-01-11 14:12:47 INFO  LoginController:60 - John Smith (employee1) has logged in
2021-01-11 15:51:31 INFO  LoginController:85 - James Smith (employee4) created an account
2021-01-11 15:51:47 INFO  LoginController:60 - James Smith (employee4) has logged in
2021-01-11 15:52:10 INFO  EmployeeController:41 - James Smith (employee4) submitted a ticket
2021-01-11 15:52:25 INFO  EmployeeController:41 - James Smith (employee4) submitted a ticket
2021-01-11 15:52:42 INFO  LoginController:60 - John Doe (fmanager1) has logged in
2021-01-11 15:53:10 INFO  FinanceController:50 - John Doe (fmanager1) APPROVED a ticket
2021-01-11 15:53:13 INFO  FinanceController:50 - John Doe (fmanager1) DENIED a ticket
2021-01-11 15:53:36 INFO  LoginController:60 - James Smith (employee4) has logged in
2021-01-11 15:54:05 INFO  LoginController:60 - John Doe (fmanager1) has logged in
2021-01-11 15:55:23 INFO  LoginController:60 - James Smith (employee4) has logged in
